[ 2024-05-15 16:21:11,567 ] 25 root - INFO - Data ingestion methods starts
[ 2024-05-15 16:21:11,592 ] 28 root - INFO - Dataset read as pandas Dataframe
[ 2024-05-15 16:21:11,614 ] 31 root - INFO - Replaced NAN
[ 2024-05-15 16:21:11,639 ] 41 root - INFO - stage 2 in EDA
[ 2024-05-15 16:21:11,665 ] 52 root - INFO - Condition passed
[ 2024-05-15 16:21:11,743 ] 64 root - INFO - EDA completed performing ingestion
[ 2024-05-15 16:21:11,873 ] 68 root - INFO - Train Test Split
[ 2024-05-15 16:21:11,977 ] 74 root - INFO - Ingestion of data completed
[ 2024-05-15 16:21:12,082 ] 96 root - INFO - Read train and test data completed
[ 2024-05-15 16:21:12,107 ] 97 root - INFO - Train Dataframe Head: 
    age sex on_thyroxine query_on_thyroxine on_antithyroid_medication sick pregnant thyroid_surgery I131_treatment query_hypothyroid query_hyperthyroid lithium goitre tumor hypopituitary psych TSH_measured   TSH T3_measured   T3 TT4_measured    TT4 T4U_measured   T4U FTI_measured    FTI TBG_measured referral_source binaryClass
0  72.0   F            f                  f                         f    f        f               f              f                 f                  f       f      f     f             f     f            f   1.4           f  2.0            t  161.0            t  0.90            t  180.0            f           other           P
1  37.0   F            f                  f                         f    f        f               f              t                 f                  f       f      f     f             f     f            t  25.0           f  2.0            t   71.0            t  1.04            t   68.0            f           other           N
2  43.0   F            f                  f                         f    f        f               f              t                 f                  t       f      f     f             f     f            t   3.5           t  1.7            t   99.0            t  1.14            t   87.0            f           other           P
3  64.0   M            t                  f                         f    f        f               f              f                 f                  f       f      f     f             f     f            t   1.8           t  1.4            t  117.0            t  0.97            t  121.0            f           other           P
4  59.0   M            f                  f                         f    f        f               f              f                 f                  f       f      f     f             f     t            t   1.3           t  1.6            t   82.0            t  0.88            t   93.0            f            SVHC           P
[ 2024-05-15 16:21:12,127 ] 98 root - INFO - Test Dataframe Head: 
    age sex on_thyroxine query_on_thyroxine on_antithyroid_medication sick pregnant thyroid_surgery I131_treatment query_hypothyroid query_hyperthyroid lithium goitre tumor hypopituitary psych TSH_measured     TSH T3_measured   T3 TT4_measured    TT4 T4U_measured   T4U FTI_measured    FTI TBG_measured referral_source binaryClass
0  48.0   F            f                  f                         f    f        f               f              f                 f                  f       f      f     f             f     f            t   0.740           t  2.9            t  100.0            t  1.06            t   95.0            f           other           P
1  73.0   F            f                  f                         f    f        f               f              f                 f                  f       f      f     f             f     f            t  47.000           t  1.1            t   52.0            t  0.90            t   58.0            f           other           N
2  50.0   F            t                  f                         f    f        f               f              f                 t                  f       f      f     f             f     f            t   1.700           t  1.8            t  113.0            t  1.01            t  112.0            f            STMW           P
3  25.0   M            f                  f                         f    f        f               f              f                 f                  f       f      f     f             f     f            t   3.400           t  1.9            t   63.0            t  0.81            t   78.0            f           other           P
4  36.0   F            t                  f                         f    f        t               f              f                 f                  f       f      f     f             f     f            t   0.025           t  2.9            t  194.0            t  1.63            t  119.0            f           other           P
[ 2024-05-15 16:21:12,127 ] 100 root - INFO - obtaining preprocessing object
[ 2024-05-15 16:21:12,127 ] 28 root - INFO - Data Transformation Initiated
[ 2024-05-15 16:21:12,127 ] 56 root - INFO - Pipeline initiated
[ 2024-05-15 16:21:12,128 ] 83 root - INFO - pipeline completed
[ 2024-05-15 16:21:12,240 ] 116 root - INFO - applying preprocessing object on training and testing datasets
[ 2024-05-15 16:21:12,248 ] 126 root - INFO - preprocessor pickle file saved
[ 2024-05-15 16:21:12,250 ] 37 root - INFO - Spitting dependent and indepedent variable
[ 2024-05-15 16:24:03,301 ] 70 root - INFO - MSE on test set:, 0.0182589825363665
[ 2024-05-15 16:24:03,301 ] 74 root - INFO - best hyperparameter found in gradient boosting {'learning_rate': 0.2, 'loss': 'quantile', 'max_depth': 7, 'max_features': 'sqrt', 'n_estimators': 173, 'subsample': 0.7}
[ 2024-05-15 16:24:05,847 ] 80 root - INFO - Accuracy of the model: 0.8688671531288866
